<?xml version="1.0" encoding="UTF-8"?>
<!-- Generated by org.testng.reporters.JUnitReportReporter -->
<testsuite skipped="0" hostname="DESKTOP-PLFH2CR" name="com.testrunner.Runner3" tests="1" failures="0" timestamp="06 Jul 2019 00:43:37 GMT" time="41.410" errors="0">
  <testcase name="feature" time="41.410" classname="com.testrunner.Runner3"/>
</testsuite> <!-- com.testrunner.Runner3 -->
